<?xml version="1.0" encoding="UTF-8"?>
<testsuites name="jest tests" tests="2" failures="0" errors="0" time="5.764">
  <testsuite name="RabbitMQ Connection And MongoDb Connection" errors="0" failures="0" skipped="0" timestamp="2024-07-11T13:44:10" time="5.588" tests="2">
    <testcase classname="RabbitMQ Connection And MongoDb Connection Health Check should check Health Check" name="RabbitMQ Connection And MongoDb Connection Health Check should check Health Check" time="0.085">
    </testcase>
    <testcase classname="RabbitMQ Connection And MongoDb Connection Ping Database should be able Ping database" name="RabbitMQ Connection And MongoDb Connection Ping Database should be able Ping database" time="0.046">
    </testcase>
  </testsuite>
</testsuites>